This file contains any messages produced by compilers while
running configure, to aid debugging if configure makes a mistake.

It was created by libxml++ configure 3.0.0, which was
generated by GNU Autoconf 2.69.  Invocation command line was

  $ ./configure 

## --------- ##
## Platform. ##
## --------- ##

hostname = michaels-mbp.dhcp.nd.edu
uname -m = x86_64
uname -r = 15.3.0
uname -s = Darwin
uname -v = Darwin Kernel Version 15.3.0: Thu Dec 10 18:40:58 PST 2015; root:xnu-3248.30.4~1/RELEASE_X86_64

/usr/bin/uname -p = i386
/bin/uname -X     = unknown

/bin/arch              = unknown
/usr/bin/arch -k       = unknown
/usr/convex/getsysinfo = unknown
/usr/bin/hostinfo      = Mach kernel version:
	 Darwin Kernel Version 15.3.0: Thu Dec 10 18:40:58 PST 2015; root:xnu-3248.30.4~1/RELEASE_X86_64
Kernel configured for up to 4 processors.
2 processors are physically available.
4 processors are logically available.
Processor type: i486 (Intel 80486)
Processors active: 0 1 2 3
Primary memory available: 4.00 gigabytes
Default processor set: 236 tasks, 998 threads, 4 processors
Load average: 1.81, Mach factor: 2.18
/bin/machine           = unknown
/usr/bin/oslevel       = unknown
/bin/universe          = unknown

PATH: /usr/local/bin
PATH: /usr/bin
PATH: /bin
PATH: /usr/sbin
PATH: /sbin
PATH: /opt/X11/bin


## ----------- ##
## Core tests. ##
## ----------- ##

configure:2479: checking for a BSD-compatible install
configure:2547: result: /usr/bin/install -c
configure:2558: checking whether build environment is sane
configure:2613: result: yes
configure:2764: checking for a thread-safe mkdir -p
configure:2803: result: build/install-sh -c -d
configure:2810: checking for gawk
configure:2840: result: no
configure:2810: checking for mawk
configure:2840: result: no
configure:2810: checking for nawk
configure:2840: result: no
configure:2810: checking for awk
configure:2826: found /usr/bin/awk
configure:2837: result: awk
configure:2848: checking whether make sets $(MAKE)
configure:2870: result: yes
configure:2899: checking whether make supports nested variables
configure:2916: result: yes
configure:3044: checking whether make supports nested variables
configure:3061: result: yes
configure:3073: checking whether to enable maintainer-specific portions of Makefiles
configure:3082: result: no
configure:3099: checking whether make supports GNU make features
test 'success' = success
configure:3113: result: yes
configure:3221: checking for g++
configure:3237: found /usr/bin/g++
configure:3248: result: g++
configure:3275: checking for C++ compiler version
configure:3284: g++ --version >&5
Apple LLVM version 7.0.2 (clang-700.1.81)
Target: x86_64-apple-darwin15.3.0
Thread model: posix
Configured with: --prefix=/Applications/Xcode.app/Contents/Developer/usr --with-gxx-include-dir=/usr/include/c++/4.2.1
configure:3295: $? = 0
configure:3284: g++ -v >&5
Configured with: --prefix=/Applications/Xcode.app/Contents/Developer/usr --with-gxx-include-dir=/usr/include/c++/4.2.1
Apple LLVM version 7.0.2 (clang-700.1.81)
Target: x86_64-apple-darwin15.3.0
Thread model: posix
configure:3295: $? = 0
configure:3284: g++ -V >&5
clang: error: argument to '-V' is missing (expected 1 value)
clang: error: no input files
configure:3295: $? = 1
configure:3284: g++ -qversion >&5
clang: error: unknown argument: '-qversion'
clang: error: no input files
configure:3295: $? = 1
configure:3315: checking whether the C++ compiler works
configure:3337: g++    conftest.cpp  >&5
configure:3341: $? = 0
configure:3389: result: yes
configure:3392: checking for C++ compiler default output file name
configure:3394: result: a.out
configure:3400: checking for suffix of executables
configure:3407: g++ -o conftest    conftest.cpp  >&5
configure:3411: $? = 0
configure:3433: result: 
configure:3455: checking whether we are cross compiling
configure:3463: g++ -o conftest    conftest.cpp  >&5
configure:3467: $? = 0
configure:3474: ./conftest
configure:3478: $? = 0
configure:3493: result: no
configure:3498: checking for suffix of object files
configure:3520: g++ -c   conftest.cpp >&5
configure:3524: $? = 0
configure:3545: result: o
configure:3549: checking whether we are using the GNU C++ compiler
configure:3568: g++ -c   conftest.cpp >&5
configure:3568: $? = 0
configure:3577: result: yes
configure:3586: checking whether g++ accepts -g
configure:3606: g++ -c -g  conftest.cpp >&5
configure:3606: $? = 0
configure:3647: result: yes
configure:3681: checking for style of include used by make
configure:3709: result: GNU
configure:3735: checking dependency style of g++
configure:3846: result: gcc3
configure:3869: checking whether g++ supports C++11 features by default
configure:3926: g++ -c -g -O2  conftest.cpp >&5
conftest.cpp:16:21: error: expected parameter declarator
      static_assert(sizeof(int) <= sizeof(T), "not big enough");
                    ^
conftest.cpp:16:21: error: expected ')'
conftest.cpp:16:20: note: to match this '('
      static_assert(sizeof(int) <= sizeof(T), "not big enough");
                   ^
conftest.cpp:16:7: error: C++ requires a type specifier for all declarations
      static_assert(sizeof(int) <= sizeof(T), "not big enough");
      ^
conftest.cpp:23:22: warning: 'override' keyword is a C++11 extension [-Wc++11-extensions]
    virtual void f() override {}
                     ^
conftest.cpp:26:29: error: a space is required between consecutive right angle brackets (use '> >')
    typedef check<check<bool>> right_angle_brackets;
                            ^~
                            > >
conftest.cpp:29:5: error: unknown type name 'decltype'
    decltype(a) b;
    ^
conftest.cpp:29:16: error: expected ';' after top level declarator
    decltype(a) b;
               ^
               ;
conftest.cpp:33:15: warning: rvalue references are a C++11 extension [-Wc++11-extensions]
    check_type&& cr = static_cast<check_type&&>(c);
              ^
conftest.cpp:33:45: warning: rvalue references are a C++11 extension [-Wc++11-extensions]
    check_type&& cr = static_cast<check_type&&>(c);
                                            ^
conftest.cpp:35:5: warning: 'auto' type specifier is a C++11 extension [-Wc++11-extensions]
    auto d = a;
    ^
conftest.cpp:36:5: warning: 'auto' type specifier is a C++11 extension [-Wc++11-extensions]
    auto l = [](){};
    ^
conftest.cpp:36:14: error: expected expression
    auto l = [](){};
             ^
conftest.cpp:46:24: warning: alias declarations are a C++11 extension [-Wc++11-extensions]
        using member = typename T::member_type;
                       ^
6 warnings and 7 errors generated.
configure:3926: $? = 1
configure: failed program was:
| /* confdefs.h */
| #define PACKAGE_NAME "libxml++"
| #define PACKAGE_TARNAME "libxml++"
| #define PACKAGE_VERSION "3.0.0"
| #define PACKAGE_STRING "libxml++ 3.0.0"
| #define PACKAGE_BUGREPORT "https://bugzilla.gnome.org/enter_bug.cgi?product=libxml%2B%2B"
| #define PACKAGE_URL "http://libxmlplusplus.sourceforge.net/"
| #define LIBXMLXX_MAJOR_VERSION 3
| #define LIBXMLXX_MINOR_VERSION 0
| #define LIBXMLXX_MICRO_VERSION 0
| /* end confdefs.h.  */
| 
|   template <typename T>
|     struct check
|     {
|       static_assert(sizeof(int) <= sizeof(T), "not big enough");
|     };
| 
|     struct Base {
|     virtual void f() {}
|     };
|     struct Child : public Base {
|     virtual void f() override {}
|     };
| 
|     typedef check<check<bool>> right_angle_brackets;
| 
|     int a;
|     decltype(a) b;
| 
|     typedef check<int> check_type;
|     check_type c;
|     check_type&& cr = static_cast<check_type&&>(c);
| 
|     auto d = a;
|     auto l = [](){};
|     // Prevent Clang error: unused variable 'l' [-Werror,-Wunused-variable]
|     struct use_l { use_l() { l(); } };
| 
|     // http://stackoverflow.com/questions/13728184/template-aliases-and-sfinae
|     // Clang 3.1 fails with headers of libstd++ 4.8.3 when using std::function because of this
|     namespace test_template_alias_sfinae {
|         struct foo {};
| 
|         template<typename T>
|         using member = typename T::member_type;
| 
|         template<typename T>
|         void func(...) {}
| 
|         template<typename T>
|         void func(member<T>*) {}
| 
|         void test();
| 
|         void test() {
|             func<foo>(0);
|         }
|     }
| 
configure:3933: result: no
configure:3944: checking whether g++ supports C++11 features with -std=c++11
configure:4003: g++ -c -g -O2 -std=c++11  conftest.cpp >&5
configure:4003: $? = 0
configure:4012: result: yes
configure:4077: checking build system type
configure:4091: result: x86_64-apple-darwin15.3.0
configure:4111: checking host system type
configure:4124: result: x86_64-apple-darwin15.3.0
configure:4165: checking how to print strings
configure:4192: result: printf
configure:4261: checking for gcc
configure:4277: found /usr/bin/gcc
configure:4288: result: gcc
configure:4517: checking for C compiler version
configure:4526: gcc --version >&5
Apple LLVM version 7.0.2 (clang-700.1.81)
Target: x86_64-apple-darwin15.3.0
Thread model: posix
Configured with: --prefix=/Applications/Xcode.app/Contents/Developer/usr --with-gxx-include-dir=/usr/include/c++/4.2.1
configure:4537: $? = 0
configure:4526: gcc -v >&5
Configured with: --prefix=/Applications/Xcode.app/Contents/Developer/usr --with-gxx-include-dir=/usr/include/c++/4.2.1
Apple LLVM version 7.0.2 (clang-700.1.81)
Target: x86_64-apple-darwin15.3.0
Thread model: posix
configure:4537: $? = 0
configure:4526: gcc -V >&5
clang: error: argument to '-V' is missing (expected 1 value)
clang: error: no input files
configure:4537: $? = 1
configure:4526: gcc -qversion >&5
clang: error: unknown argument: '-qversion'
clang: error: no input files
configure:4537: $? = 1
configure:4541: checking whether we are using the GNU C compiler
configure:4560: gcc -c   conftest.c >&5
configure:4560: $? = 0
configure:4569: result: yes
configure:4578: checking whether gcc accepts -g
configure:4598: gcc -c -g  conftest.c >&5
configure:4598: $? = 0
configure:4639: result: yes
configure:4656: checking for gcc option to accept ISO C89
configure:4719: gcc  -c -g -O2  conftest.c >&5
configure:4719: $? = 0
configure:4732: result: none needed
configure:4757: checking whether gcc understands -c and -o together
configure:4779: gcc -c conftest.c -o conftest2.o
configure:4782: $? = 0
configure:4779: gcc -c conftest.c -o conftest2.o
configure:4782: $? = 0
configure:4794: result: yes
configure:4813: checking dependency style of gcc
configure:4924: result: gcc3
configure:4939: checking for a sed that does not truncate output
configure:5003: result: /usr/bin/sed
configure:5021: checking for grep that handles long lines and -e
configure:5079: result: /usr/bin/grep
configure:5084: checking for egrep
configure:5146: result: /usr/bin/grep -E
configure:5151: checking for fgrep
configure:5213: result: /usr/bin/grep -F
configure:5248: checking for ld used by gcc
configure:5315: result: /Applications/Xcode.app/Contents/Developer/Toolchains/XcodeDefault.xctoolchain/usr/bin/ld
configure:5322: checking if the linker (/Applications/Xcode.app/Contents/Developer/Toolchains/XcodeDefault.xctoolchain/usr/bin/ld) is GNU ld
configure:5337: result: no
configure:5349: checking for BSD- or MS-compatible name lister (nm)
configure:5398: result: /usr/bin/nm
configure:5528: checking the name lister (/usr/bin/nm) interface
configure:5535: gcc -c -g -O2  conftest.c >&5
configure:5538: /usr/bin/nm "conftest.o"
configure:5541: output
0000000000000204 S _some_variable
configure:5548: result: BSD nm
configure:5551: checking whether ln -s works
configure:5555: result: yes
configure:5563: checking the maximum length of command line arguments
configure:5694: result: 196608
configure:5711: checking whether the shell understands some XSI constructs
configure:5721: result: yes
configure:5725: checking whether the shell understands "+="
configure:5731: result: yes
configure:5766: checking how to convert x86_64-apple-darwin15.3.0 file names to x86_64-apple-darwin15.3.0 format
configure:5806: result: func_convert_file_noop
configure:5813: checking how to convert x86_64-apple-darwin15.3.0 file names to toolchain format
configure:5833: result: func_convert_file_noop
configure:5840: checking for /Applications/Xcode.app/Contents/Developer/Toolchains/XcodeDefault.xctoolchain/usr/bin/ld option to reload object files
configure:5847: result: -r
configure:5921: checking for objdump
configure:5951: result: no
configure:5977: checking how to recognize dependent libraries
configure:6175: result: pass_all
configure:6260: checking for dlltool
configure:6290: result: no
configure:6317: checking how to associate runtime and link libraries
configure:6344: result: printf %s\n
configure:6405: checking for ar
configure:6421: found /usr/bin/ar
configure:6432: result: ar
configure:6469: checking for archiver @FILE support
configure:6486: gcc -c -g -O2  conftest.c >&5
configure:6486: $? = 0
configure:6489: ar cru libconftest.a @conftest.lst >&5
ar: @conftest.lst: No such file or directory
configure:6492: $? = 1
configure:6512: result: no
configure:6570: checking for strip
configure:6586: found /usr/bin/strip
configure:6597: result: strip
configure:6669: checking for ranlib
configure:6685: found /usr/bin/ranlib
configure:6696: result: ranlib
configure:6798: checking command to parse /usr/bin/nm output from gcc object
configure:6918: gcc -c -g -O2  conftest.c >&5
configure:6921: $? = 0
configure:6925: /usr/bin/nm conftest.o \| sed -n -e 's/^.*[ ]\([BCDEGRST][BCDEGRST]*\)[ ][ ]*\([_A-Za-z][_A-Za-z0-9]*\)$/\1 \2 \2/p' | sed '/ __gnu_lto/d' \> conftest.nm
configure:6928: $? = 0
cannot find nm_test_var in conftest.nm
configure:6918: gcc -c -g -O2  conftest.c >&5
configure:6921: $? = 0
configure:6925: /usr/bin/nm conftest.o \| sed -n -e 's/^.*[ ]\([BCDEGRST][BCDEGRST]*\)[ ][ ]*_\([_A-Za-z][_A-Za-z0-9]*\)$/\1 _\2 \2/p' | sed '/ __gnu_lto/d' \> conftest.nm
configure:6928: $? = 0
configure:6994: gcc -o conftest -g -O2   conftest.c conftstm.o >&5
warning: (x86_64)  could not find object file symbol for symbol _main
configure:6997: $? = 0
configure:7035: result: ok
configure:7072: checking for sysroot
configure:7102: result: no
configure:7371: checking for mt
configure:7401: result: no
configure:7421: checking if : is a manifest tool
configure:7427: : '-?'
configure:7435: result: no
configure:7491: checking for dsymutil
configure:7507: found /usr/bin/dsymutil
configure:7518: result: dsymutil
configure:7583: checking for nmedit
configure:7599: found /usr/bin/nmedit
configure:7610: result: nmedit
configure:7675: checking for lipo
configure:7691: found /usr/bin/lipo
configure:7702: result: lipo
configure:7767: checking for otool
configure:7783: found /usr/bin/otool
configure:7794: result: otool
configure:7859: checking for otool64
configure:7889: result: no
configure:7934: checking for -single_module linker flag
gcc -g -O2  -o libconftest.dylib -dynamiclib -Wl,-single_module conftest.c
configure:7967: result: yes
configure:7970: checking for -exported_symbols_list linker flag
configure:7990: gcc -o conftest -g -O2   -Wl,-exported_symbols_list,conftest.sym conftest.c  >&5
configure:7990: $? = 0
configure:8000: result: yes
configure:8003: checking for -force_load linker flag
gcc -g -O2 -c -o conftest.o conftest.c
ar cru libconftest.a conftest.o
ranlib libconftest.a
gcc -g -O2  -o conftest conftest.c -Wl,-force_load,./libconftest.a
configure:8035: result: yes
configure:8077: checking how to run the C preprocessor
configure:8108: gcc -E  conftest.c
configure:8108: $? = 0
configure:8122: gcc -E  conftest.c
conftest.c:12:10: fatal error: 'ac_nonexistent.h' file not found
#include <ac_nonexistent.h>
         ^
1 error generated.
configure:8122: $? = 1
configure: failed program was:
| /* confdefs.h */
| #define PACKAGE_NAME "libxml++"
| #define PACKAGE_TARNAME "libxml++"
| #define PACKAGE_VERSION "3.0.0"
| #define PACKAGE_STRING "libxml++ 3.0.0"
| #define PACKAGE_BUGREPORT "https://bugzilla.gnome.org/enter_bug.cgi?product=libxml%2B%2B"
| #define PACKAGE_URL "http://libxmlplusplus.sourceforge.net/"
| #define LIBXMLXX_MAJOR_VERSION 3
| #define LIBXMLXX_MINOR_VERSION 0
| #define LIBXMLXX_MICRO_VERSION 0
| /* end confdefs.h.  */
| #include <ac_nonexistent.h>
configure:8147: result: gcc -E
configure:8167: gcc -E  conftest.c
configure:8167: $? = 0
configure:8181: gcc -E  conftest.c
conftest.c:12:10: fatal error: 'ac_nonexistent.h' file not found
#include <ac_nonexistent.h>
         ^
1 error generated.
configure:8181: $? = 1
configure: failed program was:
| /* confdefs.h */
| #define PACKAGE_NAME "libxml++"
| #define PACKAGE_TARNAME "libxml++"
| #define PACKAGE_VERSION "3.0.0"
| #define PACKAGE_STRING "libxml++ 3.0.0"
| #define PACKAGE_BUGREPORT "https://bugzilla.gnome.org/enter_bug.cgi?product=libxml%2B%2B"
| #define PACKAGE_URL "http://libxmlplusplus.sourceforge.net/"
| #define LIBXMLXX_MAJOR_VERSION 3
| #define LIBXMLXX_MINOR_VERSION 0
| #define LIBXMLXX_MICRO_VERSION 0
| /* end confdefs.h.  */
| #include <ac_nonexistent.h>
configure:8210: checking for ANSI C header files
configure:8230: gcc -c -g -O2  conftest.c >&5
configure:8230: $? = 0
configure:8303: gcc -o conftest -g -O2   conftest.c  >&5
configure:8303: $? = 0
configure:8303: ./conftest
configure:8303: $? = 0
configure:8314: result: yes
configure:8327: checking for sys/types.h
configure:8327: gcc -c -g -O2  conftest.c >&5
configure:8327: $? = 0
configure:8327: result: yes
configure:8327: checking for sys/stat.h
configure:8327: gcc -c -g -O2  conftest.c >&5
configure:8327: $? = 0
configure:8327: result: yes
configure:8327: checking for stdlib.h
configure:8327: gcc -c -g -O2  conftest.c >&5
configure:8327: $? = 0
configure:8327: result: yes
configure:8327: checking for string.h
configure:8327: gcc -c -g -O2  conftest.c >&5
configure:8327: $? = 0
configure:8327: result: yes
configure:8327: checking for memory.h
configure:8327: gcc -c -g -O2  conftest.c >&5
configure:8327: $? = 0
configure:8327: result: yes
configure:8327: checking for strings.h
configure:8327: gcc -c -g -O2  conftest.c >&5
configure:8327: $? = 0
configure:8327: result: yes
configure:8327: checking for inttypes.h
configure:8327: gcc -c -g -O2  conftest.c >&5
configure:8327: $? = 0
configure:8327: result: yes
configure:8327: checking for stdint.h
configure:8327: gcc -c -g -O2  conftest.c >&5
configure:8327: $? = 0
configure:8327: result: yes
configure:8327: checking for unistd.h
configure:8327: gcc -c -g -O2  conftest.c >&5
configure:8327: $? = 0
configure:8327: result: yes
configure:8341: checking for dlfcn.h
configure:8341: gcc -c -g -O2  conftest.c >&5
configure:8341: $? = 0
configure:8341: result: yes
configure:8853: checking for objdir
configure:8868: result: .libs
configure:9139: checking if gcc supports -fno-rtti -fno-exceptions
configure:9157: gcc -c -g -O2  -fno-rtti -fno-exceptions conftest.c >&5
configure:9161: $? = 0
configure:9174: result: yes
configure:9501: checking for gcc option to produce PIC
configure:9508: result: -fno-common -DPIC
configure:9516: checking if gcc PIC flag -fno-common -DPIC works
configure:9534: gcc -c -g -O2  -fno-common -DPIC -DPIC conftest.c >&5
configure:9538: $? = 0
configure:9551: result: yes
configure:9580: checking if gcc static flag -static works
configure:9608: result: no
configure:9623: checking if gcc supports -c -o file.o
configure:9644: gcc -c -g -O2  -o out/conftest2.o conftest.c >&5
configure:9648: $? = 0
configure:9670: result: yes
configure:9678: checking if gcc supports -c -o file.o
configure:9725: result: yes
configure:9758: checking whether the gcc linker (/Applications/Xcode.app/Contents/Developer/Toolchains/XcodeDefault.xctoolchain/usr/bin/ld) supports shared libraries
configure:10915: result: yes
configure:11155: checking dynamic linker characteristics
configure:11889: result: darwin15.3.0 dyld
configure:11996: checking how to hardcode library paths into programs
configure:12021: result: immediate
configure:12066: checking for dlopen in -ldl
configure:12091: gcc -o conftest -g -O2   conftest.c -ldl   >&5
configure:12091: $? = 0
configure:12100: result: yes
configure:12315: checking whether a program can dlopen itself
configure:12395: gcc -o conftest -g -O2  -DHAVE_DLFCN_H   conftest.c -ldl  >&5
configure:12398: $? = 0
configure:12416: result: yes
configure:12421: checking whether a statically linked program can dlopen itself
configure:12501: gcc -o conftest -g -O2  -DHAVE_DLFCN_H    conftest.c -ldl  >&5
configure:12504: $? = 0
configure:12522: result: yes
configure:12561: checking whether stripping libraries is possible
configure:12575: result: yes
configure:12601: checking if libtool supports shared libraries
configure:12603: result: yes
configure:12606: checking whether to build shared libraries
configure:12627: result: yes
configure:12630: checking whether to build static libraries
configure:12634: result: no
configure:12657: checking how to run the C++ preprocessor
configure:12684: g++ -E  conftest.cpp
configure:12684: $? = 0
configure:12698: g++ -E  conftest.cpp
conftest.cpp:24:10: fatal error: 'ac_nonexistent.h' file not found
#include <ac_nonexistent.h>
         ^
1 error generated.
configure:12698: $? = 1
configure: failed program was:
| /* confdefs.h */
| #define PACKAGE_NAME "libxml++"
| #define PACKAGE_TARNAME "libxml++"
| #define PACKAGE_VERSION "3.0.0"
| #define PACKAGE_STRING "libxml++ 3.0.0"
| #define PACKAGE_BUGREPORT "https://bugzilla.gnome.org/enter_bug.cgi?product=libxml%2B%2B"
| #define PACKAGE_URL "http://libxmlplusplus.sourceforge.net/"
| #define LIBXMLXX_MAJOR_VERSION 3
| #define LIBXMLXX_MINOR_VERSION 0
| #define LIBXMLXX_MICRO_VERSION 0
| #define STDC_HEADERS 1
| #define HAVE_SYS_TYPES_H 1
| #define HAVE_SYS_STAT_H 1
| #define HAVE_STDLIB_H 1
| #define HAVE_STRING_H 1
| #define HAVE_MEMORY_H 1
| #define HAVE_STRINGS_H 1
| #define HAVE_INTTYPES_H 1
| #define HAVE_STDINT_H 1
| #define HAVE_UNISTD_H 1
| #define HAVE_DLFCN_H 1
| #define LT_OBJDIR ".libs/"
| /* end confdefs.h.  */
| #include <ac_nonexistent.h>
configure:12723: result: g++ -E
configure:12743: g++ -E  conftest.cpp
configure:12743: $? = 0
configure:12757: g++ -E  conftest.cpp
conftest.cpp:24:10: fatal error: 'ac_nonexistent.h' file not found
#include <ac_nonexistent.h>
         ^
1 error generated.
configure:12757: $? = 1
configure: failed program was:
| /* confdefs.h */
| #define PACKAGE_NAME "libxml++"
| #define PACKAGE_TARNAME "libxml++"
| #define PACKAGE_VERSION "3.0.0"
| #define PACKAGE_STRING "libxml++ 3.0.0"
| #define PACKAGE_BUGREPORT "https://bugzilla.gnome.org/enter_bug.cgi?product=libxml%2B%2B"
| #define PACKAGE_URL "http://libxmlplusplus.sourceforge.net/"
| #define LIBXMLXX_MAJOR_VERSION 3
| #define LIBXMLXX_MINOR_VERSION 0
| #define LIBXMLXX_MICRO_VERSION 0
| #define STDC_HEADERS 1
| #define HAVE_SYS_TYPES_H 1
| #define HAVE_SYS_STAT_H 1
| #define HAVE_STDLIB_H 1
| #define HAVE_STRING_H 1
| #define HAVE_MEMORY_H 1
| #define HAVE_STRINGS_H 1
| #define HAVE_INTTYPES_H 1
| #define HAVE_STDINT_H 1
| #define HAVE_UNISTD_H 1
| #define HAVE_DLFCN_H 1
| #define LT_OBJDIR ".libs/"
| /* end confdefs.h.  */
| #include <ac_nonexistent.h>
configure:12926: checking for ld used by g++
configure:12993: result: /Applications/Xcode.app/Contents/Developer/Toolchains/XcodeDefault.xctoolchain/usr/bin/ld
configure:13000: checking if the linker (/Applications/Xcode.app/Contents/Developer/Toolchains/XcodeDefault.xctoolchain/usr/bin/ld) is GNU ld
configure:13015: result: no
configure:13070: checking whether the g++ linker (/Applications/Xcode.app/Contents/Developer/Toolchains/XcodeDefault.xctoolchain/usr/bin/ld) supports shared libraries
configure:14072: result: yes
configure:14108: g++ -c -g -O2 -std=c++11  conftest.cpp >&5
configure:14111: $? = 0
configure:14631: checking for g++ option to produce PIC
configure:14638: result: -fno-common -DPIC
configure:14646: checking if g++ PIC flag -fno-common -DPIC works
configure:14664: g++ -c -g -O2 -std=c++11  -fno-common -DPIC -DPIC conftest.cpp >&5
configure:14668: $? = 0
configure:14681: result: yes
configure:14704: checking if g++ static flag -static works
configure:14732: result: no
configure:14744: checking if g++ supports -c -o file.o
configure:14765: g++ -c -g -O2 -std=c++11  -o out/conftest2.o conftest.cpp >&5
configure:14769: $? = 0
configure:14791: result: yes
configure:14796: checking if g++ supports -c -o file.o
configure:14843: result: yes
configure:14873: checking whether the g++ linker (/Applications/Xcode.app/Contents/Developer/Toolchains/XcodeDefault.xctoolchain/usr/bin/ld) supports shared libraries
configure:14912: result: yes
configure:15053: checking dynamic linker characteristics
configure:15721: result: darwin15.3.0 dyld
configure:15774: checking how to hardcode library paths into programs
configure:15799: result: immediate
configure:15917: checking for pkg-config
configure:15950: result: no
configure:15985: checking for LIBXMLXX
configure:16053: result: no
configure:16055: error: in `/Users/Michael/cse20212/ElectionPoll/libxml++-3.0.0':
configure:16057: error: The pkg-config script could not be found or is too old.  Make sure it
is in your PATH or set the PKG_CONFIG environment variable to the full
path to pkg-config.

Alternatively, you may set the environment variables LIBXMLXX_CFLAGS
and LIBXMLXX_LIBS to avoid the need to call pkg-config.
See the pkg-config man page for more details.

To get pkg-config, see <http://pkg-config.freedesktop.org/>.
See `config.log' for more details

## ---------------- ##
## Cache variables. ##
## ---------------- ##

ac_cv_build=x86_64-apple-darwin15.3.0
ac_cv_c_compiler_gnu=yes
ac_cv_cxx_compiler_gnu=yes
ac_cv_env_ACLOCAL_FLAGS_set=
ac_cv_env_ACLOCAL_FLAGS_value=
ac_cv_env_CCC_set=
ac_cv_env_CCC_value=
ac_cv_env_CC_set=
ac_cv_env_CC_value=
ac_cv_env_CFLAGS_set=
ac_cv_env_CFLAGS_value=
ac_cv_env_CPPFLAGS_set=
ac_cv_env_CPPFLAGS_value=
ac_cv_env_CPP_set=
ac_cv_env_CPP_value=
ac_cv_env_CXXCPP_set=
ac_cv_env_CXXCPP_value=
ac_cv_env_CXXFLAGS_set=
ac_cv_env_CXXFLAGS_value=
ac_cv_env_CXX_set=
ac_cv_env_CXX_value=
ac_cv_env_DB2LATEX_set=
ac_cv_env_DB2LATEX_value=
ac_cv_env_DOT_set=
ac_cv_env_DOT_value=
ac_cv_env_DOXYGEN_set=
ac_cv_env_DOXYGEN_value=
ac_cv_env_LDFLAGS_set=
ac_cv_env_LDFLAGS_value=
ac_cv_env_LIBS_set=
ac_cv_env_LIBS_value=
ac_cv_env_LIBXMLXX_CFLAGS_set=
ac_cv_env_LIBXMLXX_CFLAGS_value=
ac_cv_env_LIBXMLXX_LIBS_set=
ac_cv_env_LIBXMLXX_LIBS_value=
ac_cv_env_PERL_set=
ac_cv_env_PERL_value=
ac_cv_env_PKG_CONFIG_LIBDIR_set=
ac_cv_env_PKG_CONFIG_LIBDIR_value=
ac_cv_env_PKG_CONFIG_PATH_set=
ac_cv_env_PKG_CONFIG_PATH_value=
ac_cv_env_PKG_CONFIG_set=
ac_cv_env_PKG_CONFIG_value=
ac_cv_env_XMLLINT_set=
ac_cv_env_XMLLINT_value=
ac_cv_env_XSLTPROC_set=
ac_cv_env_XSLTPROC_value=
ac_cv_env_build_alias_set=
ac_cv_env_build_alias_value=
ac_cv_env_host_alias_set=
ac_cv_env_host_alias_value=
ac_cv_env_target_alias_set=
ac_cv_env_target_alias_value=
ac_cv_header_dlfcn_h=yes
ac_cv_header_inttypes_h=yes
ac_cv_header_memory_h=yes
ac_cv_header_stdc=yes
ac_cv_header_stdint_h=yes
ac_cv_header_stdlib_h=yes
ac_cv_header_string_h=yes
ac_cv_header_strings_h=yes
ac_cv_header_sys_stat_h=yes
ac_cv_header_sys_types_h=yes
ac_cv_header_unistd_h=yes
ac_cv_host=x86_64-apple-darwin15.3.0
ac_cv_lib_dl_dlopen=yes
ac_cv_objext=o
ac_cv_path_EGREP='/usr/bin/grep -E'
ac_cv_path_FGREP='/usr/bin/grep -F'
ac_cv_path_GREP=/usr/bin/grep
ac_cv_path_SED=/usr/bin/sed
ac_cv_path_install='/usr/bin/install -c'
ac_cv_prog_AWK=awk
ac_cv_prog_CPP='gcc -E'
ac_cv_prog_CXXCPP='g++ -E'
ac_cv_prog_ac_ct_AR=ar
ac_cv_prog_ac_ct_CC=gcc
ac_cv_prog_ac_ct_CXX=g++
ac_cv_prog_ac_ct_DSYMUTIL=dsymutil
ac_cv_prog_ac_ct_LIPO=lipo
ac_cv_prog_ac_ct_NMEDIT=nmedit
ac_cv_prog_ac_ct_OTOOL=otool
ac_cv_prog_ac_ct_RANLIB=ranlib
ac_cv_prog_ac_ct_STRIP=strip
ac_cv_prog_cc_c89=
ac_cv_prog_cc_g=yes
ac_cv_prog_cxx_g=yes
ac_cv_prog_make_make_set=yes
am_cv_CC_dependencies_compiler_type=gcc3
am_cv_CXX_dependencies_compiler_type=gcc3
am_cv_make_support_nested_variables=yes
am_cv_prog_cc_c_o=yes
ax_cv_cxx_compile_cxx11=no
ax_cv_cxx_compile_cxx11__std_cpp11=yes
lt_cv_apple_cc_single_mod=yes
lt_cv_ar_at_file=no
lt_cv_deplibs_check_method=pass_all
lt_cv_dlopen=dlopen
lt_cv_dlopen_libs=-ldl
lt_cv_dlopen_self=yes
lt_cv_dlopen_self_static=yes
lt_cv_file_magic_cmd='$MAGIC_CMD'
lt_cv_file_magic_test_file=
lt_cv_ld_exported_symbols_list=yes
lt_cv_ld_force_load=yes
lt_cv_ld_reload_flag=-r
lt_cv_nm_interface='BSD nm'
lt_cv_objdir=.libs
lt_cv_path_LD=/Applications/Xcode.app/Contents/Developer/Toolchains/XcodeDefault.xctoolchain/usr/bin/ld
lt_cv_path_LDCXX=/Applications/Xcode.app/Contents/Developer/Toolchains/XcodeDefault.xctoolchain/usr/bin/ld
lt_cv_path_NM=/usr/bin/nm
lt_cv_path_mainfest_tool=no
lt_cv_prog_compiler_c_o=yes
lt_cv_prog_compiler_c_o_CXX=yes
lt_cv_prog_compiler_pic='-fno-common -DPIC'
lt_cv_prog_compiler_pic_CXX='-fno-common -DPIC'
lt_cv_prog_compiler_pic_works=yes
lt_cv_prog_compiler_pic_works_CXX=yes
lt_cv_prog_compiler_rtti_exceptions=yes
lt_cv_prog_compiler_static_works=no
lt_cv_prog_compiler_static_works_CXX=no
lt_cv_prog_gnu_ld=no
lt_cv_prog_gnu_ldcxx=no
lt_cv_sharedlib_from_linklib_cmd='printf %s\n'
lt_cv_sys_global_symbol_pipe='sed -n -e '\''s/^.*[	 ]\([BCDEGRST][BCDEGRST]*\)[	 ][	 ]*_\([_A-Za-z][_A-Za-z0-9]*\)$/\1 _\2 \2/p'\'' | sed '\''/ __gnu_lto/d'\'''
lt_cv_sys_global_symbol_to_c_name_address='sed -n -e '\''s/^: \([^ ]*\)[ ]*$/  {\"\1\", (void *) 0},/p'\'' -e '\''s/^[BCDEGRST]* \([^ ]*\) \([^ ]*\)$/  {"\2", (void *) \&\2},/p'\'''
lt_cv_sys_global_symbol_to_c_name_address_lib_prefix='sed -n -e '\''s/^: \([^ ]*\)[ ]*$/  {\"\1\", (void *) 0},/p'\'' -e '\''s/^[BCDEGRST]* \([^ ]*\) \(lib[^ ]*\)$/  {"\2", (void *) \&\2},/p'\'' -e '\''s/^[BCDEGRST]* \([^ ]*\) \([^ ]*\)$/  {"lib\2", (void *) \&\2},/p'\'''
lt_cv_sys_global_symbol_to_cdecl='sed -n -e '\''s/^T .* \(.*\)$/extern int \1();/p'\'' -e '\''s/^[BCDEGRST]* .* \(.*\)$/extern char \1;/p'\'''
lt_cv_sys_max_cmd_len=196608
lt_cv_to_host_file_cmd=func_convert_file_noop
lt_cv_to_tool_file_cmd=func_convert_file_noop

## ----------------- ##
## Output variables. ##
## ----------------- ##

ACLOCAL='${SHELL} /Users/Michael/cse20212/ElectionPoll/libxml++-3.0.0/build/missing aclocal-1.15'
ACLOCAL_FLAGS=''
AMDEPBACKSLASH='\'
AMDEP_FALSE='#'
AMDEP_TRUE=''
AMTAR='$${TAR-tar}'
AM_BACKSLASH='\'
AM_DEFAULT_V='$(AM_DEFAULT_VERBOSITY)'
AM_DEFAULT_VERBOSITY='1'
AM_V='$(V)'
AR='ar'
AS='as'
AUTOCONF='${SHELL} /Users/Michael/cse20212/ElectionPoll/libxml++-3.0.0/build/missing autoconf'
AUTOHEADER='${SHELL} /Users/Michael/cse20212/ElectionPoll/libxml++-3.0.0/build/missing autoheader'
AUTOMAKE='${SHELL} /Users/Michael/cse20212/ElectionPoll/libxml++-3.0.0/build/missing automake-1.15'
AWK='awk'
CC='gcc'
CCDEPMODE='depmode=gcc3'
CFLAGS='-g -O2'
CPP='gcc -E'
CPPFLAGS=''
CXX='g++'
CXXCPP='g++ -E'
CXXDEPMODE='depmode=gcc3'
CXXFLAGS='-g -O2 -std=c++11'
CYGPATH_W='echo'
DB2LATEX=''
DEFS=''
DEPDIR='.deps'
DISABLE_DEPRECATED_API_FALSE=''
DISABLE_DEPRECATED_API_TRUE=''
DIST_DOCTOOLS_FALSE='#'
DIST_DOCTOOLS_TRUE=''
DLLTOOL='false'
DOCINSTALL_FLAGS=''
DOT=''
DOXYGEN=''
DOXYGEN_TAGFILES=''
DSYMUTIL='dsymutil'
DUMPBIN=''
ECHO_C='\c'
ECHO_N=''
ECHO_T=''
EGREP='/usr/bin/grep -E'
ENABLE_DOCUMENTATION_FALSE=''
ENABLE_DOCUMENTATION_TRUE=''
EXEEXT=''
FGREP='/usr/bin/grep -F'
GREP='/usr/bin/grep'
HAVE_CXX11=''
INSTALL_DATA='${INSTALL} -m 644'
INSTALL_PROGRAM='${INSTALL}'
INSTALL_SCRIPT='${INSTALL}'
INSTALL_STRIP_PROGRAM='$(install_sh) -c -s'
LD='/Applications/Xcode.app/Contents/Developer/Toolchains/XcodeDefault.xctoolchain/usr/bin/ld'
LDFLAGS=''
LIBOBJS=''
LIBS=''
LIBTOOL='$(SHELL) $(top_builddir)/libtool'
LIBXMLXX_API_VERSION='3.0'
LIBXMLXX_CFLAGS=''
LIBXMLXX_LIBS=''
LIBXMLXX_MAJOR_VERSION='3'
LIBXMLXX_MICRO_VERSION='0'
LIBXMLXX_MINOR_VERSION='0'
LIBXMLXX_MODULES='libxml-2.0 >= 2.7.7 glibmm-2.4 >= 2.32.0'
LIBXMLXX_MODULE_NAME='libxml++-3.0'
LIBXMLXX_SO_VERSION='1:0:0'
LIBXMLXX_VERSION='3.0.0'
LIBXMLXX_WXXFLAGS=''
LIPO='lipo'
LN_S='ln -s'
LTLIBOBJS=''
MAINT='#'
MAINTAINER_MODE_FALSE=''
MAINTAINER_MODE_TRUE='#'
MAKEINFO='${SHELL} /Users/Michael/cse20212/ElectionPoll/libxml++-3.0.0/build/missing makeinfo'
MANIFEST_TOOL=':'
MKDIR_P='build/install-sh -c -d'
MMDOCTOOLDIR='${top_srcdir}/docs'
NM='/usr/bin/nm'
NMEDIT='nmedit'
OBJDUMP='false'
OBJEXT='o'
OTOOL64=':'
OTOOL='otool'
PACKAGE='libxml++'
PACKAGE_BUGREPORT='https://bugzilla.gnome.org/enter_bug.cgi?product=libxml%2B%2B'
PACKAGE_NAME='libxml++'
PACKAGE_STRING='libxml++ 3.0.0'
PACKAGE_TARNAME='libxml++'
PACKAGE_URL='http://libxmlplusplus.sourceforge.net/'
PACKAGE_VERSION='3.0.0'
PATH_SEPARATOR=':'
PERL=''
PKG_CONFIG=''
PKG_CONFIG_LIBDIR=''
PKG_CONFIG_PATH=''
RANLIB='ranlib'
SED='/usr/bin/sed'
SET_MAKE=''
SHELL='/bin/sh'
STRIP='strip'
VERSION='3.0.0'
XMLLINT=''
XSLTPROC=''
ac_ct_AR='ar'
ac_ct_CC='gcc'
ac_ct_CXX='g++'
ac_ct_DUMPBIN=''
am__EXEEXT_FALSE=''
am__EXEEXT_TRUE=''
am__fastdepCC_FALSE='#'
am__fastdepCC_TRUE=''
am__fastdepCXX_FALSE='#'
am__fastdepCXX_TRUE=''
am__include='include'
am__isrc=''
am__leading_dot='.'
am__nodep='_no'
am__quote=''
am__tar='$${TAR-tar} chof - "$$tardir"'
am__untar='$${TAR-tar} xf -'
bindir='${exec_prefix}/bin'
build='x86_64-apple-darwin15.3.0'
build_alias=''
build_cpu='x86_64'
build_os='darwin15.3.0'
build_vendor='apple'
datadir='${datarootdir}'
datarootdir='${prefix}/share'
docdir='${datarootdir}/doc/${PACKAGE_TARNAME}'
dvidir='${docdir}'
exec_prefix='NONE'
host='x86_64-apple-darwin15.3.0'
host_alias=''
host_cpu='x86_64'
host_os='darwin15.3.0'
host_vendor='apple'
htmldir='${docdir}'
includedir='${prefix}/include'
infodir='${datarootdir}/info'
install_sh='${SHELL} /Users/Michael/cse20212/ElectionPoll/libxml++-3.0.0/build/install-sh'
libdir='${exec_prefix}/lib'
libexecdir='${exec_prefix}/libexec'
localedir='${datarootdir}/locale'
localstatedir='${prefix}/var'
mandir='${datarootdir}/man'
mkdir_p='$(MKDIR_P)'
oldincludedir='/usr/include'
pdfdir='${docdir}'
prefix='NONE'
program_transform_name='s,x,x,'
psdir='${docdir}'
sbindir='${exec_prefix}/sbin'
sharedstatedir='${prefix}/com'
sysconfdir='${prefix}/etc'
target_alias=''

## ----------- ##
## confdefs.h. ##
## ----------- ##

/* confdefs.h */
#define PACKAGE_NAME "libxml++"
#define PACKAGE_TARNAME "libxml++"
#define PACKAGE_VERSION "3.0.0"
#define PACKAGE_STRING "libxml++ 3.0.0"
#define PACKAGE_BUGREPORT "https://bugzilla.gnome.org/enter_bug.cgi?product=libxml%2B%2B"
#define PACKAGE_URL "http://libxmlplusplus.sourceforge.net/"
#define LIBXMLXX_MAJOR_VERSION 3
#define LIBXMLXX_MINOR_VERSION 0
#define LIBXMLXX_MICRO_VERSION 0
#define STDC_HEADERS 1
#define HAVE_SYS_TYPES_H 1
#define HAVE_SYS_STAT_H 1
#define HAVE_STDLIB_H 1
#define HAVE_STRING_H 1
#define HAVE_MEMORY_H 1
#define HAVE_STRINGS_H 1
#define HAVE_INTTYPES_H 1
#define HAVE_STDINT_H 1
#define HAVE_UNISTD_H 1
#define HAVE_DLFCN_H 1
#define LT_OBJDIR ".libs/"

configure: exit 1
